fdzvb 198.817626953 35.4756126404
fdzvb 199.838058472 34.6716346741
fdzvb 198.306472778 35.8113059998
fdzvb 203.909698486 32.9891853333
fdzvb 201.19442749 25.0193748474
fdzvb 192.870010376 27.4257946014
fdzvb 196.419372559 32.4609031677
fdzvb 204.285354614 36.4378013611
fdzvb 202.807678223 31.8809719086
fdzvb 196.130157471 24.6410961151
fdzvb 194.696121216 25.0257472992
fdzvb 195.662582397 28.0864944458
fdzvb 196.750991821 26.2620182037
fdzvb 195.13331604 22.7582435608
fdzvb 197.72833252 26.7587852478
fdzvb 196.975738525 27.8375873566
fdzvb 190.82800293 22.1573619843
fdzvb 190.556259155 22.5829048157
fdzvb 197.802734375 26.083366394
fdzvb 202.215301514 25.8675079346
fdzvb 200.274368286 27.7192687988
fdzvb 194.78956604 26.6378059387
fdzvb 192.51171875 28.4902019501
fdzvb 202.133346558 32.5729026794
fdzvb 195.217941284 29.0920257568
fdzvb 187.126449585 24.7438659668
fdzvb 198.808990479 28.7968597412
fdzvb 200.439910889 33.5528450012
fdzvb 197.185943604 30.6919384003
fdzvb 207.583877563 31.5149307251
fdzvb 206.05581665 35.9643516541
fdzvb 194.710708618 40.7115440369
fdzvb 198.908752441 36.6076774597
fdzvb 197.650924683 30.4335212708
fdzvb 194.91305542 30.8901786804
fdzvb 198.166015625 30.614025116
fdzvb 196.704650879 31.1244239807
fdzvb 191.665710449 29.9209461212
fdzvb 191.618988037 27.6105823517
fdzvb 201.389678955 30.3586387634
fdzvb 201.847045898 37.5055084229
fdzvb 193.804962158 35.4297065735
fdzvb 196.469985962 29.3734302521
fdzvb 201.638961792 28.111125946
fdzvb 203.7527771 26.9441013336
fdzvb 196.049697876 21.9830112457
fdzvb 193.050933838 20.3528175354
fdzvb 195.017730713 24.2695140839
fdzvb 191.922714233 20.6603813171
fdzvb 198.064804077 21.762052536
fdzvb 203.274780273 30.7187767029
fdzvb 200.659729004 30.0210075378
fdzvb 197.446975708 31.2513523102
fdzvb 194.760971069 38.6277313232
fdzvb 192.40675354 35.80701828
fdzvb 194.430145264 32.7880630493
fdzvb 198.528167725 35.9573516846
fdzvb 209.215332031 29.2284317017
fdzvb 207.510223389 27.9400901794
fdzvb 206.91519165 35.6643295288
fdzvb 209.317947388 39.652671814
fdzvb 204.611663818 42.5779800415
fdzvb 208.436462402 33.1559906006
fdzvb 200.20135498 26.5939807892
fdzvb 194.049087524 36.7787322998
fdzvb 199.793960571 39.6506881714
fdzvb 202.111557007 34.477771759
fdzvb 198.038101196 30.6960487366
fdzvb 198.65486145 30.5336208344
fdzvb 206.142105103 32.6082687378
fdzvb 199.915161133 28.0259361267
fdzvb 191.306015015 22.9209022522
fdzvb 198.315917969 26.192741394
fdzvb 200.180435181 28.1014022827
fdzvb 199.907669067 29.9095821381
fdzvb 199.667709351 34.0862922668
fdzvb 203.854064941 32.0395622253
fdzvb 210.502944946 28.8968048096
fdzvb 207.25881958 30.6652202606
fdzvb 201.839859009 33.5156936646
fdzvb 194.75453186 32.9680213928
fdzvb 190.548080444 27.6682758331
fdzvb 187.186630249 24.8055915833
fdzvb 190.22416687 25.3006725311
fdzvb 200.201461792 26.558052063
fdzvb 204.434936523 28.6272640228
fdzvb 198.173751831 27.5911769867
fdzvb 195.51991272 29.8538227081
fdzvb 196.481948853 29.4477920532
fdzvb 194.851699829 25.4900245667
fdzvb 194.181167603 24.6566429138
fdzvb 197.860076904 26.1351928711
fdzvb 199.827041626 27.0758495331
fdzvb 199.838134766 26.8263587952
fdzvb 204.027923584 29.3552970886
fdzvb 200.471908569 30.592962265
fdzvb 199.078018188 28.0289974213
fdzvb 204.351226807 27.6464862823
fdzvb 205.040710449 27.6848526001
fdzvb 200.866989136 24.4507389069
fdzvb 200.854827881 25.6652088165
fdzvb 198.984481812 27.9339637756
fdzvb 196.281188965 26.1330184937
fdzvb 197.654037476 26.8486251831
fdzvb 202.211776733 32.1339073181
fdzvb 203.940887451 31.7541866302
fdzvb 204.923355103 27.5031394958
fdzvb 206.701644897 30.4820251465
fdzvb 200.051269531 35.1721954346
fdzvb 199.046112061 30.2461891174
fdzvb 197.558547974 22.9606781006
fdzvb 197.636260986 24.5803165436
fdzvb 203.103515625 29.3564910889
fdzvb 204.696685791 26.8820800781
fdzvb 200.357315063 22.6830177307
fdzvb 196.755310059 27.8001785278
fdzvb 198.759490967 34.8154792786
fdzvb 203.532897949 32.9395179749
fdzvb 202.451583862 25.8173103333
fdzvb 200.84324646 41.1456680298
fdzvb 208.494110107 45.8072433472
fdzvb 214.982376099 28.0606307983
fdzvb 207.643417358 29.6838169098
fdzvb 197.192779541 31.7616138458
fdzvb 202.522247314 29.529214859
fdzvb 202.284393311 32.1085395813
fdzvb 197.570846558 35.5100440979
fdzvb 198.236022949 34.1255912781
fdzvb 207.312255859 35.0794715881
fdzvb 220.101318359 31.0618038177
fdzvb 206.032958984 33.1799697876
fdzvb 190.738967896 45.7611541748
fdzvb 197.828460693 41.1154403687
fdzvb 193.640960693 39.1915550232
fdzvb 187.897674561 37.1631622314
fdzvb 194.104370117 32.9429092407
fdzvb 198.418121338 31.9976806641
fdzvb 200.778289795 29.5414066315
fdzvb 200.018341064 29.777671814
fdzvb 206.097869873 35.7312316895
fdzvb 208.25994873 35.7023277283
fdzvb 197.570968628 38.3329162598
fdzvb 195.109313965 38.6486778259
fdzvb 207.274795532 33.7668762207
fdzvb 210.233551025 40.1572952271
fdzvb 197.582275391 35.8731880188
fdzvb 191.583770752 34.136631012
fdzvb 194.788238525 42.2213745117
fdzvb 202.56451416 40.4603042603
fdzvb 200.415924072 32.0888519287
fdzvb 187.219512939 26.0181236267
fdzvb 190.283691406 24.5642204285
fdzvb 200.632202148 27.2775497437
fdzvb 205.561508179 28.1900787354
fdzvb 203.533187866 27.4528961182
fdzvb 197.131118774 26.2506980896
fdzvb 199.978851318 26.6197624207
fdzvb 199.420547485 29.1979408264
fdzvb 198.127914429 32.0072593689
fdzvb 193.408248901 30.191160202
fdzvb 187.42906189 25.2680168152
fdzvb 200.248901367 27.8867912292
fdzvb 202.928131104 27.1747837067
fdzvb 197.481536865 23.4381771088
fdzvb 202.147659302 27.7451629639
fdzvb 202.551071167 29.9065170288
fdzvb 201.967697144 30.1836299896
fdzvb 198.14239502 29.3324546814
fdzvb 194.893814087 27.6746234894
fdzvb 193.522964478 27.2576599121
fdzvb 191.300201416 25.6609916687
fdzvb 192.878677368 23.5921096802
fdzvb 193.50881958 23.6982040405
fdzvb 192.714065552 24.5218105316
fdzvb 203.469604492 28.334438324
fdzvb 205.732025146 30.0155639648
fdzvb 197.481048584 25.1595478058
fdzvb 198.245758057 21.5772819519
fdzvb 191.968795776 27.8765602112
fdzvb 188.276123047 32.5242195129
fdzvb 189.856170654 23.9212093353
fdzvb 194.278137207 20.586763382
fdzvb 195.045974731 30.8503818512
fdzvb 194.998901367 40.1859207153
fdzvb 207.192687988 41.9900054932
fdzvb 208.90914917 39.3477859497
fdzvb 199.634597778 36.4390945435
fdzvb 206.545806885 32.4230079651
fdzvb 211.169830322 33.9816970825
fdzvb 197.857635498 37.087726593
fdzvb 193.64402771 35.6368865967
fdzvb 199.617401123 34.312664032
fdzvb 210.390213013 36.858631134
fdzvb 207.85723877 40.5597114563
fdzvb 198.367706299 37.0685119629
fdzvb 200.518737793 30.561668396
fdzvb 200.407592773 34.3976631165
fdzvb 198.697723389 39.5118865967
fdzvb 198.488677979 32.4950866699
fdzvb 196.860778809 35.3457717896
fdzvb 206.930343628 34.4607505798
fdzvb 213.011230469 29.8430023193
fdzvb 196.822967529 35.5324707031
fdzvb 192.751571655 33.9693450928
fdzvb 197.580871582 33.4378089905
fdzvb 199.190246582 37.3846359253
fdzvb 201.344360352 34.3941383362
fdzvb 192.069625854 38.3726577759
fdzvb 197.527328491 43.9046325684
fdzvb 203.931549072 35.4470405579
fdzvb 198.03086853 34.1576728821
fdzvb 207.110183716 38.5248260498
fdzvb 201.867248535 39.8989868164
fdzvb 190.436050415 45.3121414185
fdzvb 192.296966553 38.3836708069
fdzvb 196.514129639 25.7721405029
fdzvb 197.377487183 28.5809555054
fdzvb 190.752182007 42.491443634
fdzvb 197.42868042 40.3397102356
fdzvb 198.898529053 33.6825752258
fdzvb 202.925476074 33.5247955322
fdzvb 205.47102356 38.2591247559
fdzvb 200.238922119 40.0935287476
fdzvb 200.85647583 32.053440094
fdzvb 195.434829712 30.4776115417
fdzvb 200.907669067 30.8687019348
fdzvb 201.297042847 30.4078407288
fdzvb 192.721343994 29.123254776
fdzvb 197.696716309 29.21276474
fdzvb 199.059738159 28.4012393951
fdzvb 195.758560181 29.3715496063
fdzvb 198.375823975 28.0909538269
fdzvb 195.881530762 26.8238124847
fdzvb 196.295654297 29.9906196594
fdzvb 196.039978027 30.9859580994
fdzvb 193.264007568 28.3067798615
fdzvb 198.196289062 23.6122894287
fdzvb 200.166595459 23.0622959137
fdzvb 199.704452515 25.7940979004
fdzvb 201.358444214 28.748550415
fdzvb 200.311096191 29.7679004669
fdzvb 194.963256836 23.8616695404
fdzvb 189.084335327 22.9049873352
fdzvb 191.126235962 28.6712284088
fdzvb 193.851470947 29.8133735657
fdzvb 193.217727661 25.3813209534
fdzvb 191.996612549 20.2910671234
fdzvb 193.197097778 23.9834594727
fdzvb 193.580093384 27.6789493561
fdzvb 193.982910156 25.262304306
fdzvb 197.430282593 22.179983139
fdzvb 201.799942017 23.1206302643
fdzvb 201.634689331 25.6722812653
fdzvb 202.748901367 26.686832428
fdzvb 201.72265625 27.9329490662
fdzvb 195.060821533 27.9547519684
fdzvb 193.172714233 24.6751766205
fdzvb 194.979049683 25.5373744965
fdzvb 197.082717896 29.1469535828
fdzvb 194.055877686 27.423614502
fdzvb 190.141876221 27.3975410461
fdzvb 195.405181885 27.2425689697
fdzvb 203.403503418 26.3248786926
fdzvb 201.227890015 22.9249191284
fdzvb 201.198394775 23.6338443756
fdzvb 197.685073853 22.7526359558
fdzvb 193.777114868 21.2015609741
fdzvb 196.363021851 27.8885402679
fdzvb 197.542327881 30.6231803894
fdzvb 198.371124268 29.3067951202
fdzvb 200.665939331 30.8853130341
fdzvb 213.759002686 33.3964042664
fdzvb 215.345245361 33.3667068481
fdzvb 204.034057617 33.6882781982
fdzvb 212.633621216 33.0219497681
fdzvb 216.599868774 31.6798343658
fdzvb 203.855636597 29.9771709442
fdzvb 200.707824707 31.0449237823
fdzvb 196.165267944 30.919052124
fdzvb 192.814178467 30.9427566528
fdzvb 199.861953735 31.4836788177
fdzvb 203.957855225 31.1602478027
fdzvb 202.011459351 31.4500102997
fdzvb 198.119125366 27.9560775757
fdzvb 196.588287354 27.8550796509
fdzvb 199.092483521 26.2405719757
fdzvb 196.875228882 26.8125152588
fdzvb 196.647018433 31.3626480103
fdzvb 202.865097046 31.2561893463
fdzvb 202.52154541 27.9221363068
fdzvb 198.983978271 25.7008991241
fdzvb 200.034240723 29.8598117828
fdzvb 195.629989624 35.2584457397
fdzvb 196.630584717 35.0215339661
fdzvb 199.518859863 32.0269508362
fdzvb 194.426849365 35.9448471069
fdzvb 192.176651001 32.9255332947
fdzvb 192.083404541 27.3964729309
fdzvb 189.245361328 24.7024021149
fdzvb 193.556182861 21.5885181427
fdzvb 201.912124634 29.3780384064
fdzvb 203.109939575 32.3713645935
fdzvb 200.08757019 28.0705375671
fdzvb 195.244140625 34.6456413269
fdzvb 201.83543396 35.8363800049
fdzvb 201.610198975 30.5629882812
fdzvb 195.215118408 28.2666015625
fdzvb 195.53994751 31.1479949951
fdzvb 196.659042358 29.166759491
fdzvb 198.4193573 27.1643180847
fdzvb 195.780212402 38.5404129028
fdzvb 194.089828491 36.6958656311
fdzvb 199.460693359 34.248046875
fdzvb 202.231399536 42.1864700317
fdzvb 203.875839233 43.7835121155
fdzvb 202.847518921 36.9017829895
fdzvb 199.590698242 32.9216957092
fdzvb 193.25920105 39.6155967712
fdzvb 197.373596191 39.3697814941
fdzvb 205.514282227 34.969745636
fdzvb 198.912384033 38.2048225403
fdzvb 202.875091553 37.9900550842
fdzvb 201.482681274 36.5456428528
fdzvb 194.371780396 33.1022720337
fdzvb 195.540176392 36.6305541992
fdzvb 200.003417969 37.4040756226
fdzvb 200.650085449 34.1287460327
fdzvb 200.01373291 34.7509918213
fdzvb 200.250137329 35.8133468628
fdzvb 194.252243042 36.5419006348
fdzvb 191.774841309 31.2356548309
fdzvb 198.799072266 27.8878765106
fdzvb 204.902633667 32.027973175
fdzvb 200.143997192 33.820526123
fdzvb 194.072784424 32.8802185059
fdzvb 205.756484985 28.7833366394
fdzvb 207.898788452 31.3317222595
fdzvb 197.216827393 35.2526702881
fdzvb 197.655456543 33.233039856
fdzvb 196.211288452 40.4098243713
fdzvb 202.252365112 42.445602417
fdzvb 203.940444946 36.863899231
fdzvb 194.572525024 30.5947780609
fdzvb 191.769729614 31.4074878693
fdzvb 200.580978394 39.521320343
fdzvb 208.736831665 34.3785209656
fdzvb 203.847610474 34.6095428467
fdzvb 197.128128052 40.864364624
fdzvb 195.126480103 38.3349494934
fdzvb 191.880859375 37.5454139709
fdzvb 193.672302246 32.9385185242
fdzvb 202.216339111 35.2185897827
fdzvb 203.545562744 39.9792633057
fdzvb 201.681427002 35.988494873
fdzvb 194.493713379 35.6224555969
fdzvb 194.178909302 36.2132453918
fdzvb 197.444076538 36.0574607849
fdzvb 194.878692627 36.9640045166
fdzvb 197.866043091 33.9611778259
fdzvb 197.558822632 37.7928123474
fdzvb 195.010879517 35.2070884705
fdzvb 200.615219116 32.5137329102
fdzvb 210.936859131 36.4345626831
fdzvb 212.606323242 32.3384742737
fdzvb 204.650772095 30.598657608
fdzvb 205.708618164 31.1201896667
fdzvb 212.603302002 27.9134140015
fdzvb 207.869766235 29.1615028381
fdzvb 198.306304932 36.7780990601
fdzvb 193.734710693 35.8221435547
fdzvb 191.601425171 31.2572422028
fdzvb 186.032806396 37.7632904053
fdzvb 193.210754395 40.9652786255
fdzvb 202.69229126 38.7727966309
fdzvb 196.571716309 32.5849571228
fdzvb 197.560592651 33.3414001465
fdzvb 202.780090332 40.0752639771
fdzvb 202.676269531 38.7448883057
fsruj 216.040679932 32.1485023499
fsruj 206.158416748 38.2350006104
fsruj 193.080352783 45.6472625732
fsruj 189.792221069 44.6190719604
fsruj 189.044586182 46.303855896
fsruj 195.583496094 39.983039856
fsruj 194.922027588 35.5824699402
fsruj 191.353439331 37.1841201782
fsruj 205.371704102 34.8297843933
fsruj 209.076675415 39.0170822144
fsruj 200.552658081 44.5226516724
fsruj 189.941879272 43.8304100037
fsruj 195.496368408 39.9610481262
fsruj 193.729553223 42.3989486694
fsruj 182.523757935 44.2741546631
fsruj 190.380111694 43.2349090576
fsruj 206.64956665 39.9712562561
fsruj 209.995834351 40.0390090942
fsruj 197.07321167 43.0637283325
fsruj 188.625549316 37.6778755188
fsruj 197.5990448 38.4340171814
fsruj 190.787200928 47.1271972656
fsruj 173.986434937 51.2337799072
fsruj 176.217910767 48.0583457947
fsruj 178.91557312 43.7509498596
fsruj 179.355331421 43.0235900879
fsruj 178.88180542 44.2311325073
fsruj 179.507995605 44.16771698
fsruj 179.98538208 43.6750030518
fsruj 180.79498291 43.3269004822
fsruj 181.269256592 42.8723869324
fsruj 181.175384521 44.9453392029
fsruj 188.185195923 40.9652252197
fsruj 189.815917969 38.1765289307
fsruj 181.547027588 43.8377494812
fsruj 193.685211182 45.0864944458
fsruj 221.893173218 43.6018447876
fsruj 222.017852783 41.6717720032
fsruj 204.378936768 39.0778274536
fsruj 196.571044922 36.658454895
fsruj 190.218444824 36.836101532
fsruj 184.729202271 39.8288917542
fsruj 181.990005493 41.7418518066
fsruj 181.953018188 41.6072998047
fsruj 180.429336548 43.6749267578
fsruj 177.831787109 46.660774231
fsruj 178.804992676 46.6530456543
fsruj 178.115982056 47.5633735657
fsruj 176.140808105 48.1806907654
fsruj 176.966674805 48.3881225586
fsruj 177.592712402 49.9631195068
fsruj 177.515106201 50.4176025391
fsruj 180.10256958 47.7150192261
fsruj 182.081390381 45.1085395813
fsruj 185.136657715 41.1618080139
fsruj 187.539138794 37.4782218933
fsruj 185.885818481 37.538356781
fsruj 184.962188721 38.7718544006
fsruj 184.710784912 40.1434135437
fsruj 185.548065186 40.114818573
fsruj 184.349349976 40.1447029114
fsruj 180.200393677 41.524646759
fsruj 181.605331421 41.2136001587
fsruj 184.993927002 39.4876327515
fsruj 183.899551392 39.5539970398
fsruj 182.308441162 40.1447753906
fsruj 180.252792358 41.9427528381
fsruj 181.420028687 42.2883110046
fsruj 183.658401489 41.2603492737
fsruj 182.935943604 40.5242042542
fsruj 180.845077515 41.5023155212
fsruj 180.225585938 43.4016647339
fsruj 179.634933472 44.2309417725
fsruj 179.312164307 43.9482498169
fsruj 192.933410645 36.0437240601
fsruj 196.939788818 32.618976593
fsruj 187.825927734 35.765335083
fsruj 186.723648071 36.8643684387
fsruj 187.357711792 36.8675613403
fsruj 185.88381958 37.8261108398
fsruj 180.9662323 41.2661590576
fsruj 179.012374878 44.0168914795
fsruj 179.261016846 45.2654876709
fsruj 192.006072998 38.0377807617
fsruj 196.646209717 35.8834533691
fsruj 186.081298828 39.5425186157
fsruj 194.188217163 33.2384872437
fsruj 202.151748657 33.600315094
fsruj 192.915176392 44.6774597168
fsruj 184.784606934 47.3462295532
fsruj 185.111740112 44.9229431152
fsruj 194.611450195 37.8868865967
fsruj 205.264923096 37.4973907471
fsruj 196.209197998 44.5105552673
fsruj 181.968597412 44.4858398438
fsruj 178.612808228 46.3493041992
fsruj 178.723266602 47.4656295776
fsruj 177.235534668 47.7900085449
fsruj 176.663864136 47.6602172852
fsruj 190.87802124 41.98387146
fsruj 213.818191528 41.7732124329
fsruj 202.063903809 45.1720695496
fsruj 182.317337036 43.5368614197
fsruj 187.371017456 40.2465591431
fsruj 190.935150146 37.579208374
fsruj 209.493865967 35.1256446838
fsruj 204.715545654 38.4796180725
fsruj 182.412353516 42.764705658
fsruj 186.002975464 41.4380912781
fsruj 189.425033569 42.878074646
fsruj 194.446456909 41.570766449
fsruj 199.731399536 35.5890655518
fsruj 191.99861145 41.5934562683
fsruj 193.305648804 45.732673645
fsruj 205.867706299 35.3947067261
fsruj 205.98614502 31.612745285
fsruj 191.084213257 37.8226890564
fsruj 179.630264282 42.4835395813
fsruj 179.572189331 42.9501152039
fsruj 178.719223022 45.2442626953
fsruj 179.974487305 44.3190460205
fsruj 182.227645874 41.197101593
fsruj 180.937973022 42.6426887512
fsruj 184.096664429 42.1360969543
fsruj 211.187210083 40.3900718689
fsruj 209.334259033 42.5153427124
fsruj 191.657577515 38.8124351501
fsruj 194.662948608 36.4659729004
fsruj 190.129516602 39.4395942688
fsruj 189.324630737 38.4573974609
fsruj 199.491363525 36.1621322632
fsruj 197.865386963 37.6684989929
fsruj 197.981750488 37.9749221802
fsruj 204.083587646 37.3591995239
fsruj 204.450958252 37.4273223877
fsruj 213.156112671 34.3950805664
fsruj 220.857467651 39.0257415771
fsruj 206.721603394 44.457611084
fsruj 180.734634399 55.0700683594
fsruj 179.823776245 52.1655960083
fsruj 182.958511353 40.0052642822
fsruj 189.294967651 38.4025382996
fsruj 199.332763672 33.7322158813
fsruj 216.556945801 31.0821743011
fsruj 211.998825073 41.7351760864
fsruj 194.554428101 48.572807312
fsruj 193.347976685 39.9320449829
fsruj 187.562606812 38.8585853577
fsruj 183.602600098 42.7479705811
fsruj 180.968994141 43.6442756653
fsruj 180.736801147 42.4729995728
fsruj 193.615249634 36.6779212952
fsruj 193.576309204 38.8835372925
fsruj 179.882324219 46.69556427
fsruj 180.661148071 44.9694595337
fsruj 181.729125977 42.2163314819
fsruj 188.207702637 41.8630447388
fsruj 195.021362305 41.1400871277
fsruj 192.009170532 48.697052002
fsruj 191.030792236 49.6783332825
fsruj 193.436645508 40.5665359497
fsruj 192.797927856 40.4737892151
fsruj 189.67791748 41.9573669434
fsruj 183.34576416 43.1136322021
fsruj 180.205551147 43.6148071289
fsruj 184.830657959 42.4138717651
fsruj 195.301086426 35.3001594543
fsruj 200.687225342 29.3617916107
fsruj 208.326461792 30.879611969
fsruj 208.024780273 37.6147460938
fsruj 193.361480713 34.5279045105
fsruj 191.171234131 36.0048103333
fsruj 184.621276855 49.5192337036
fsruj 188.134094238 41.2795372009
fsruj 193.942428589 40.2933731079
fsruj 205.999359131 43.881565094
fsruj 218.843261719 37.3757629395
fsruj 210.471694946 40.1373252869
fsruj 208.331100464 38.9546585083
fsruj 213.512664795 33.8849639893
fsruj 200.807174683 40.0582771301
fsruj 182.756317139 51.1428527832
fsruj 181.108535767 52.7726898193
fsruj 188.308563232 49.076751709
fsruj 201.17791748 43.758605957
fsruj 197.732254028 39.0011405945
fsruj 184.430953979 42.9048042297
fsruj 179.922363281 43.1148986816
fsruj 190.431976318 38.3932228088
fsruj 191.633010864 35.8373146057
fsruj 194.012054443 29.3146648407
fsruj 202.407897949 31.017616272
fsruj 192.547058105 34.25806427
fsruj 183.678756714 36.1265220642
fsruj 194.133712769 39.2495803833
fsruj 196.315109253 35.3537750244
fsruj 182.977798462 38.8188591003
fsruj 181.147674561 43.3770217896
fsruj 191.807235718 41.2186050415
fsruj 194.967926025 40.3236885071
fsruj 190.279541016 42.6938362122
fsruj 201.202880859 40.5785827637
fsruj 207.551361084 36.2870254517
fsruj 190.616897583 42.2255592346
fsruj 178.973571777 46.552116394
fsruj 177.800460815 47.0949440002
fsruj 189.717300415 37.5489730835
fsruj 191.053405762 36.7042312622
fsruj 178.33026123 45.5878219604
fsruj 188.022262573 40.7432785034
fsruj 199.944854736 34.5166282654
fsruj 205.327987671 31.4314861298
fsruj 204.195007324 34.3866577148
fsruj 189.960540771 41.1447296143
fsruj 180.250259399 42.5712776184
fsruj 186.375976562 41.4220161438
fsruj 185.928878784 41.1622467041
fsruj 181.234130859 44.8338546753
fsruj 190.607345581 41.9577331543
fsruj 201.354248047 37.3083724976
fsruj 194.267105103 41.0637702942
fsruj 185.779724121 42.7449951172
fsruj 189.5234375 43.2777481079
fsruj 197.638305664 41.7374687195
fsruj 191.547744751 42.9232826233
fsruj 177.890151978 48.0481643677
fsruj 177.045700073 48.9556427002
fsruj 190.333648682 44.0376167297
fsruj 203.487686157 34.5611801147
fsruj 200.013916016 33.1661720276
fsruj 191.898300171 40.2670593262
fsruj 194.566085815 40.0174331665
fsruj 194.997161865 39.8551368713
fsruj 186.274154663 41.0776786804
fsruj 184.338317871 39.525177002
fsruj 184.88973999 40.4906272888
fsruj 184.705291748 41.4127388
fsruj 190.950042725 38.0975112915
fsruj 188.433670044 38.47423172
fsruj 185.533828735 40.3113136292
fsruj 187.553009033 37.2469367981
fsruj 186.373794556 36.2538986206
fsruj 185.657089233 38.6419258118
fsruj 183.171722412 41.0048713684
fsruj 185.338195801 40.5574989319
fsruj 193.560440063 38.1209602356
fsruj 194.510665894 36.1577453613
fsruj 189.113250732 37.2156906128
fsruj 190.395996094 39.5541687012
fsruj 207.013046265 32.9649200439
fsruj 210.621353149 30.9516181946
fsruj 190.066558838 39.0603752136
fsruj 188.110229492 34.3387336731
fsruj 203.366760254 32.3217697144
fsruj 198.878158569 37.9973449707
fsruj 190.916641235 37.0954551697
fsruj 192.725570679 36.3115768433
fsruj 185.163009644 39.4028091431
fsruj 187.436950684 40.2797012329
fsruj 201.648361206 38.9335289001
fsruj 198.637435913 41.0703353882
fsruj 186.673736572 39.6777648926
fsruj 190.765136719 34.0318641663
fsruj 201.341156006 31.4103794098
fsruj 195.448394775 36.805229187
fsruj 184.27456665 42.1536483765
fsruj 199.674987793 38.4316368103
fsruj 208.574508667 32.134349823
fsruj 202.583694458 32.1003684998
fsruj 191.894760132 37.6448440552
fsruj 178.745803833 43.4102363586
fsruj 198.347091675 43.8293495178
fsruj 199.940353394 43.4819221497
fsruj 179.511001587 45.2751159668
fsruj 176.629180908 47.9155273438
tdihi 187.531585693 22.5841083527
tdihi 184.245803833 24.4288291931
tdihi 190.613540649 27.3384113312
tdihi 198.093200684 23.6038360596
tdihi 195.423675537 21.2123718262
tdihi 195.308074951 21.0342674255
tdihi 197.873352051 26.1197814941
tdihi 198.333816528 26.8582324982
tdihi 198.558013916 22.8734169006
tdihi 198.776733398 25.4806671143
tdihi 199.928787231 25.8939857483
tdihi 196.842086792 19.8030605316
tdihi 193.381591797 21.5987434387
tdihi 193.664718628 25.7621212006
tdihi 194.810852051 22.0764827728
tdihi 203.28012085 24.3392791748
tdihi 199.981185913 28.146490097
tdihi 193.516082764 24.1921653748
tdihi 196.004058838 23.8235473633
tdihi 195.412399292 24.7533092499
tdihi 192.638931274 23.0933017731
tdihi 198.979171753 22.409866333
tdihi 202.783630371 21.9260215759
tdihi 196.926086426 21.0988903046
tdihi 197.584274292 24.0931491852
tdihi 196.588226318 25.2716712952
tdihi 193.673309326 22.9105453491
tdihi 192.705230713 26.4333057404
tdihi 190.600723267 28.7380771637
tdihi 193.541931152 25.2665328979
tdihi 194.851974487 27.6006088257
tdihi 189.293823242 30.5122871399
tdihi 188.700286865 32.4319992065
tdihi 188.372314453 34.2986068726
tdihi 190.900085449 32.788898468
tdihi 196.205108643 32.6002616882
tdihi 189.408966064 37.8424034119
tdihi 186.118789673 33.325881958
tdihi 195.7762146 22.4874744415
tdihi 205.320861816 19.6628036499
tdihi 201.566711426 20.7473182678
tdihi 192.886199951 22.4823150635
tdihi 191.290969849 20.9618816376
tdihi 192.803771973 21.5097846985
tdihi 193.991989136 22.3452014923
tdihi 183.553344727 34.7561759949
tdihi 188.573547363 31.7982597351
tdihi 198.675094604 19.9077377319
tdihi 187.945068359 32.8522834778
tdihi 186.191055298 37.5734710693
tdihi 190.8150177 30.8812465668
tdihi 190.099243164 25.1849746704
tdihi 191.041824341 22.0778465271
tdihi 188.648117065 23.2823982239
tdihi 188.684814453 28.2641811371
tdihi 189.963378906 30.3207092285
tdihi 193.752807617 24.9578037262
tdihi 197.480056763 22.5241298676
tdihi 192.971496582 23.167514801
tdihi 194.61630249 23.3385810852
tdihi 193.404830933 23.2120685577
tdihi 190.747375488 23.4237556458
tdihi 189.456268311 26.7260627747
tdihi 194.504440308 25.4646511078
tdihi 198.208572388 22.6267127991
tdihi 188.637832642 28.2579193115
tdihi 192.853347778 28.0197410583
tdihi 193.266952515 30.5514774323
tdihi 189.232681274 34.5422706604
tdihi 196.347457886 26.4092845917
tdihi 200.567138672 20.5304260254
tdihi 195.135452271 21.0730190277
tdihi 191.227798462 23.0010452271
tdihi 194.842651367 25.5542011261
tdihi 196.202926636 24.3214569092
tdihi 200.185577393 26.1420440674
tdihi 195.69178772 30.2156333923
tdihi 186.874633789 32.7982444763
tdihi 188.935195923 35.0277481079
tdihi 190.463745117 31.2842540741
tdihi 186.49331665 30.7501411438
tdihi 186.610321045 33.6355476379
tdihi 192.434249878 29.7583332062
tdihi 190.401580811 21.7670230865
tdihi 190.276443481 22.4120426178
tdihi 198.287200928 24.284828186
tdihi 197.334625244 23.6909999847
tdihi 189.434143066 22.4697799683
tdihi 192.714752197 21.3434486389
tdihi 194.789733887 23.4786453247
tdihi 193.694412231 24.1055088043
tdihi 194.297698975 23.453245163
tdihi 196.217086792 25.893995285
tdihi 197.172210693 25.0867595673
tdihi 190.812850952 23.5773830414
tdihi 191.637634277 23.7638454437
tdihi 195.546173096 23.1401996613
tdihi 195.179367065 26.1598739624
tdihi 194.548934937 24.3964767456
tdihi 191.878326416 25.7334442139
tdihi 186.318740845 33.9246482849
tdihi 188.582092285 29.3964881897
tdihi 192.351409912 22.4564323425
tdihi 197.697937012 27.3570575714
tdihi 203.115341187 28.1506977081
tdihi 195.511825562 26.3350696564
tdihi 192.475631714 25.0956840515
tdihi 195.096481323 21.9485530853
tdihi 199.70513916 25.1895370483
tdihi 200.723098755 25.2774429321
tdihi 194.975311279 22.6347827911
tdihi 195.278610229 23.4525642395
tdihi 194.606018066 24.9065284729
tdihi 196.324890137 29.692691803
tdihi 199.427398682 27.1987476349
tdihi 200.284729004 25.8084106445
tdihi 195.733474731 26.1070213318
tdihi 191.970626831 22.9818744659
tdihi 188.392700195 31.5519332886
tdihi 184.268798828 35.0887756348
tdihi 186.113250732 25.8263282776
tdihi 187.074432373 22.5790367126
tdihi 189.551071167 24.6558532715
tdihi 187.22479248 33.4403419495
tdihi 189.59815979 31.4089279175
tdihi 194.045425415 20.472858429
tdihi 189.027893066 21.9084358215
tdihi 185.545883179 28.4319515228
tdihi 185.945236206 32.4855880737
tdihi 185.75453186 34.6639328003
tdihi 186.06892395 34.1329956055
tdihi 191.595687866 24.77825737
tdihi 189.227935791 27.2413825989
tdihi 186.032318115 31.1765403748
tdihi 191.25970459 26.7647686005
tdihi 195.687225342 27.1973705292
tdihi 198.605682373 25.0844841003
tdihi 196.06918335 25.3546619415
tdihi 192.473220825 25.5177021027
tdihi 193.629180908 22.2974891663
tdihi 192.942840576 22.4913082123
tdihi 189.656936646 26.0374698639
tdihi 187.323745728 31.252325058
tdihi 191.034591675 29.2472858429
tdihi 195.038986206 23.1742515564
tdihi 190.486679077 24.4142456055
tdihi 192.378265381 25.3261260986
tdihi 197.914077759 25.9367084503
tdihi 197.088088989 26.8235721588
tdihi 193.417388916 26.6107616425
tdihi 193.093170166 27.8469085693
tdihi 195.519973755 27.4065341949
tdihi 197.131713867 22.8198070526
tdihi 197.706054688 22.4766178131
tdihi 200.435119629 26.7817764282
tdihi 200.386627197 26.9436321259
tdihi 196.698974609 25.2168922424
tdihi 192.204910278 24.5040817261
tdihi 191.832672119 24.3248195648
tdihi 195.33442688 24.5278434753
tdihi 195.602706909 24.6914825439
tdihi 191.188644409 25.2484378815
tdihi 183.407440186 32.8005218506
tdihi 182.66746521 38.6754684448
tdihi 187.83190918 32.1771774292
tdihi 193.106262207 24.1985263824
tdihi 200.973312378 23.9695472717
tdihi 205.277526855 26.6688613892
tdihi 200.026443481 25.0451660156
tdihi 191.768768311 22.7393550873
tdihi 185.791915894 31.430273056
tdihi 187.854614258 30.9295978546
tdihi 191.51574707 24.8195171356
tdihi 196.926971436 28.0432243347
tdihi 200.94442749 29.9319438934
tdihi 196.525741577 29.2457847595
tdihi 198.190170288 26.6653385162
tdihi 198.299530029 30.0887737274
tdihi 201.72265625 30.2551841736
tdihi 208.424758911 24.353345871
tdihi 201.783035278 22.0487365723
tdihi 192.696746826 24.1462783813
tdihi 193.787200928 26.3541316986
tdihi 195.848968506 23.9299163818
tdihi 197.627563477 21.9859905243
tdihi 203.125198364 27.9704666138
tdihi 201.090652466 30.6977043152
tdihi 197.84135437 24.6950740814
tdihi 195.613769531 21.7369613647
tdihi 195.372146606 22.941286087
tdihi 192.557189941 26.8442993164
tdihi 189.956420898 28.7565155029
tdihi 192.355407715 29.2153377533
tdihi 192.526000977 28.0685787201
tdihi 192.658660889 26.431936264
tdihi 193.133148193 24.2715625763
tdihi 193.996109009 28.1432094574
tdihi 199.892105103 30.7906684875
tdihi 197.42729187 27.172082901
tdihi 190.325775146 29.5097942352
tdihi 193.073806763 23.1131057739
tdihi 194.662200928 20.6782798767
tdihi 194.493835449 26.632226944
tdihi 188.879669189 32.1663017273
tdihi 191.927978516 31.0235061646
tdihi 202.217727661 23.0611362457
tdihi 199.772232056 23.867225647
tdihi 196.054580688 25.1030464172
tdihi 197.714248657 23.113576889
tdihi 196.341506958 23.8660125732
tdihi 193.422134399 23.8457221985
tdihi 195.616882324 23.7795696259
tdihi 199.118057251 23.563117981
tdihi 192.393859863 28.6796665192
tdihi 186.876922607 30.5201873779
tdihi 188.700286865 30.7396678925
tdihi 185.84223938 34.6264343262
tdihi 189.664291382 30.6408729553
tdihi 196.504165649 26.9364929199
tdihi 194.40171814 29.1366844177
tdihi 187.904953003 28.6761245728
tdihi 193.104202271 25.9475517273
tdihi 200.776824951 24.1249542236
tdihi 194.806243896 22.635099411
tdihi 195.783035278 22.4364585876
tdihi 196.593490601 21.1286029816
tdihi 199.86730957 23.2384262085
tdihi 200.938690186 26.2021579742
tdihi 193.573455811 30.6146888733
tdihi 193.926132202 28.4369125366
tdihi 194.053237915 18.7085418701
tdihi 202.109695435 23.1006469727
tdihi 203.628585815 27.444229126
tdihi 199.897628784 20.8799514771
tdihi 202.514556885 20.9579696655
tdihi 197.197738647 24.6827697754
tdihi 191.551391602 24.8684062958
tdihi 194.854034424 24.6241474152
tdihi 202.447250366 26.6959514618
tdihi 207.86668396 29.7339172363
tdihi 196.952728271 34.4438705444
tdihi 188.923156738 31.0635509491
tdihi 189.116882324 30.7419776917
tdihi 187.816513062 29.0654411316
tdihi 193.353179932 23.7524013519
tdihi 196.443603516 26.2422065735
tdihi 196.566299438 27.8435535431
tdihi 200.90536499 26.8786964417
tdihi 200.7134552 22.8420391083
tdihi 197.083068848 22.6186180115
tdihi 193.857299805 28.3812561035
tdihi 189.324081421 25.2886428833
tdihi 187.369247437 17.1454219818
tdihi 183.921112061 25.9185810089
tdihi 182.991668701 32.7102775574
tdihi 182.060592651 35.008392334
tdihi 185.481506348 35.769241333
tdihi 186.455551147 34.3747901917
tdihi 182.345321655 37.9080047607
tdihi 181.476318359 39.029296875
tdihi 192.106445312 36.2167778015
tdihi 196.416015625 27.6754074097
tdihi 195.905731201 21.9790115356
tdihi 204.406768799 23.9168262482
tdihi 197.306304932 27.1881351471
tdihi 184.173065186 31.3020839691
tdihi 185.663360596 31.0806121826
tdihi 187.046661377 33.3143730164
tdihi 198.791946411 35.6438789368
tdihi 200.069290161 30.3676948547
tdihi 190.029953003 24.0395011902
tdihi 199.858581543 22.2667961121
tdihi 204.762695312 23.4216194153
tdihi 196.645675659 25.4616565704
tdihi 191.069854736 29.5548400879
tdihi 191.633026123 24.5665168762
tdihi 196.208953857 21.0350894928
tdihi 194.12612915 29.3032588959
tdihi 186.224639893 36.2578277588
tdihi 188.910003662 30.3321075439
tdihi 191.252502441 29.5205764771
tdihi 189.780349731 32.1282806396
tdihi 186.644424438 31.0238723755
tdihi 182.953521729 36.4158439636
tdihi 183.043899536 36.9427185059
tdihi 194.072860718 30.6293945312
tdihi 195.945205688 25.0511016846
tdihi 193.633514404 24.0928459167
tdihi 200.835968018 23.7746429443
tdihi 196.531478882 25.4882717133
tdihi 185.639480591 33.9776573181
tdihi 186.61895752 32.2939605713
tdihi 195.05140686 25.2312088013
tdihi 198.79536438 28.0936603546
tdihi 197.932479858 29.1171913147
tdihi 196.038482666 24.2970733643
tdihi 196.76385498 18.8099269867
tdihi 194.124801636 16.3489570618
tdihi 193.883544922 18.448261261
tdihi 197.982208252 23.4213294983
tdihi 194.054489136 22.457698822
tdihi 194.741744995 20.1854038239
tdihi 204.377380371 25.1921367645
tdihi 202.679962158 24.493013382
tdihi 195.180877686 22.5592861176
tdihi 195.557723999 25.1706047058
tdihi 196.529571533 24.8986301422
tdihi 198.07510376 24.707151413
tdihi 197.60824585 23.5821323395
tdihi 191.86428833 26.6056957245
tdihi 197.91217041 27.7655353546
tdihi 204.642303467 28.303571701
tdihi 199.009368896 29.6997966766
tdihi 196.133712769 27.6720924377
tdihi 200.298950195 28.280620575
tdihi 200.384933472 25.5387573242
tggqh 186.022567749 37.4017028809
tggqh 182.932723999 35.8308029175
tggqh 182.663116455 34.4811096191
tggqh 185.599533081 32.3958435059
tggqh 182.940139771 35.8118629456
tggqh 188.570602417 36.7776679993
tggqh 196.343185425 35.5893707275
tggqh 194.176376343 35.7583694458
tggqh 190.574630737 38.9309234619
tggqh 192.688781738 34.9669151306
tggqh 190.686813354 29.76795578
tggqh 187.737426758 30.7462005615
tggqh 189.053985596 33.0751876831
tggqh 187.895477295 32.7704544067
tggqh 184.313873291 36.708530426
tggqh 181.045501709 39.0865974426
tggqh 185.983657837 35.1334228516
tggqh 196.068466187 41.8519439697
tggqh 212.84262085 52.0072860718
tggqh 216.906234741 49.8948440552
tggqh 209.417861938 40.4187278748
tggqh 199.849716187 31.7475662231
tggqh 190.661224365 32.8463172913
tggqh 188.97354126 42.4041976929
tggqh 193.194244385 35.1550254822
tggqh 204.538009644 39.3756523132
tggqh 207.641387939 45.5716667175
tggqh 208.33215332 36.4597587585
tggqh 210.928955078 30.7628326416
tggqh 208.540802002 32.1664352417
tggqh 202.697357178 40.182636261
tggqh 208.324859619 44.8055496216
tggqh 200.819152832 45.1168746948
tggqh 185.975158691 35.9607925415
tggqh 190.789672852 29.1986064911
tggqh 202.509094238 34.5534439087
tggqh 200.723434448 35.1518440247
tggqh 188.718887329 34.3220367432
tggqh 197.444793701 40.5479164124
tggqh 207.845565796 37.7382507324
tggqh 206.750076294 28.7883682251
tggqh 204.25881958 32.2360115051
tggqh 206.544769287 37.7866439819
tggqh 205.847076416 35.5004501343
tggqh 201.357833862 35.7486763
tggqh 211.716598511 50.8146972656
tggqh 213.99621582 47.8364562988
tggqh 210.770065308 30.8631763458
tggqh 215.839050293 28.9808197021
tggqh 208.355712891 30.8721733093
tggqh 201.711791992 35.0784225464
tggqh 208.481185913 33.9660377502
tggqh 203.02355957 35.4295768738
tggqh 185.868652344 42.6936073303
tggqh 182.222625732 43.7807617188
tggqh 195.188613892 38.4171791077
tggqh 196.024597168 40.2444839478
tggqh 197.670806885 41.5044326782
tggqh 208.047531128 34.4379196167
tggqh 208.686050415 35.3446083069
tggqh 205.972106934 48.8394393921
tggqh 195.321685791 49.5060043335
tggqh 192.638671875 38.2859954834
tggqh 188.673522949 36.7916717529
tggqh 192.711303711 37.917755127
tggqh 199.3828125 35.70287323
tggqh 194.863739014 35.2845153809
tggqh 198.130340576 40.4971885681
tggqh 207.014816284 37.5210075378
tggqh 209.438690186 34.6943092346
tggqh 201.078567505 38.342414856
tggqh 206.79045105 42.7592391968
tggqh 216.388549805 38.2983856201
tggqh 206.472640991 27.9784145355
tggqh 195.665252686 27.931306839
tggqh 194.439025879 31.4940738678
tggqh 202.286758423 35.8126106262
tggqh 202.158966064 34.5594711304
tggqh 205.989822388 33.1871261597
tggqh 203.667312622 32.9955062866
tggqh 194.603057861 30.9076442719
tggqh 205.270004272 29.8510227203
tggqh 213.308303833 39.6839866638
tggqh 213.173950195 47.8258514404
tggqh 204.273910522 39.5656814575
tggqh 197.882797241 32.7128372192
tggqh 200.175796509 32.3769721985
tggqh 202.214004517 30.7854137421
tggqh 202.06741333 28.314491272
tggqh 201.958648682 35.9650650024
tggqh 200.379150391 37.6390457153
tggqh 196.481521606 30.9281730652
tggqh 201.10244751 39.6111526489
tggqh 198.056396484 40.123008728
tggqh 193.476791382 34.7889442444
tggqh 191.551589966 42.1944961548
tggqh 183.041687012 41.227191925
tggqh 183.632965088 35.3780899048
tggqh 187.241867065 38.2707710266
tggqh 192.756576538 39.3150672913
tggqh 195.801559448 39.51512146
tggqh 185.075302124 47.9331130981
tggqh 186.46144104 46.8190460205
tggqh 198.031646729 39.3584518433
tggqh 201.287872314 36.9255752563
tggqh 197.041885376 38.9759063721
tggqh 198.097381592 36.6325378418
tggqh 203.965026855 31.4538993835
tggqh 217.797058105 45.0500106812
tggqh 222.205291748 47.1676483154
tggqh 207.557388306 35.2511138916
tggqh 205.483978271 35.0090065002
tggqh 208.580734253 42.2033004761
tggqh 209.496307373 47.9423141479
tggqh 212.325942993 46.5866699219
tggqh 211.691741943 40.8052787781
tggqh 200.359130859 30.3252182007
tggqh 189.403320312 23.5225410461
tggqh 187.630569458 23.1600189209
tggqh 188.346374512 27.9477081299
tggqh 190.35798645 35.8968391418
tggqh 196.517150879 31.6482410431
tggqh 199.156982422 27.7626514435
tggqh 202.551712036 33.3313102722
tggqh 213.539642334 39.0708312988
tggqh 213.21836853 39.4549827576
tggqh 208.29095459 43.739364624
tggqh 203.036972046 45.4170913696
tggqh 193.585968018 39.6010513306
tggqh 198.280715942 44.2838935852
tggqh 202.006210327 42.2113990784
tggqh 199.170791626 37.3192253113
tggqh 205.061569214 39.36170578
tggqh 206.592163086 39.9071426392
tggqh 199.800003052 36.1298217773
tggqh 201.282775879 30.5052070618
tggqh 202.999938965 31.2562618256
tggqh 212.042037964 32.6448478699
tggqh 217.801574707 32.3588180542
tggqh 212.01461792 34.2738037109
tggqh 202.407119751 36.585723877
tggqh 198.543670654 36.1635246277
tggqh 198.681274414 39.6636161804
tggqh 199.722167969 44.6483078003
tggqh 198.171417236 41.8527526855
tggqh 196.508544922 33.6164245605
tggqh 200.804824829 34.3082618713
tggqh 202.947525024 39.0157432556
tggqh 194.395401001 39.4402313232
tggqh 184.610275269 35.9197921753
tggqh 189.42477417 30.0519828796
tggqh 192.157699585 30.2060127258
tggqh 201.638275146 30.6659984589
tggqh 201.4712677 36.2198410034
tggqh 195.47428894 41.4533348083
tggqh 203.867263794 37.842880249
tggqh 207.202606201 37.9214363098
tggqh 199.362258911 41.3992385864
tggqh 193.264434814 40.6033439636
tggqh 194.714431763 43.8871536255
tggqh 204.569625854 48.1376457214
tggqh 204.802932739 44.3127784729
tggqh 198.591369629 48.6497192383
tggqh 202.258346558 48.8722076416
tggqh 206.917785645 37.9094924927
tggqh 205.003845215 34.5746040344
tggqh 199.790756226 36.8610610962
tggqh 198.136413574 35.1429824829
tggqh 196.513717651 32.8379859924
tggqh 189.586578369 38.5439376831
tggqh 189.381225586 39.3891448975
tggqh 201.369293213 41.3735618591
tggqh 201.532608032 43.5876960754
tggqh 195.449554443 39.7417182922
tggqh 187.72428894 44.4013977051
tggqh 193.416427612 45.2947769165
tggqh 198.077987671 34.768497467
tggqh 196.932907104 31.4759349823
tggqh 199.752914429 37.7468948364
tggqh 203.839233398 47.190738678
tggqh 202.244308472 38.9356689453
tggqh 195.057159424 26.9157867432
tggqh 203.084869385 30.4854164124
tggqh 196.558959961 30.5439224243
tggqh 197.308837891 31.2437343597
tggqh 204.976470947 35.5661048889
tggqh 206.224639893 35.5942420959
tggqh 211.965606689 31.5372982025
tggqh 203.636886597 29.879322052
tggqh 197.949707031 33.2872161865
tggqh 205.562957764 35.129737854
tggqh 213.047348022 31.4276981354
tggqh 219.988296509 40.7761154175
tggqh 218.524383545 43.421875
tggqh 206.127334595 31.9604663849
tggqh 194.71434021 31.763923645
tggqh 197.382659912 32.2848472595
tggqh 204.621200562 31.0846538544
tggqh 196.020751953 33.0762939453
tggqh 188.659179688 37.7835159302
tggqh 204.937484741 42.0712127686
tggqh 209.303375244 37.2846908569
tggqh 201.968978882 36.0244407654
tggqh 206.515090942 38.4900550842
tggqh 205.139541626 34.6691703796
tggqh 215.838684082 30.9342250824
tggqh 216.159927368 26.5687103271
tggqh 208.826568604 37.0714187622
tggqh 201.334121704 38.8152122498
tggqh 202.370498657 32.1415786743
tggqh 212.960174561 31.6900749207
tggqh 202.352508545 29.3879585266
tggqh 199.255722046 34.118473053
tggqh 203.811981201 34.5238075256
tggqh 200.53477478 35.1645355225
tggqh 206.02947998 46.4489059448
tggqh 208.268829346 45.9352645874
tggqh 196.625198364 34.8195457458
tggqh 201.793960571 32.2697143555
tggqh 202.801849365 32.3828315735
tggqh 203.331161499 36.5954780579
tggqh 204.361373901 35.7402153015
tggqh 196.160827637 31.7117900848
tggqh 199.138824463 32.4413986206
tggqh 195.800033569 32.3609352112
tggqh 194.092849731 32.5855789185
tggqh 193.933609009 33.5649986267
tggqh 189.428604126 35.4564476013
tggqh 197.493209839 34.8237876892
tggqh 206.791397095 36.1568412781
tggqh 202.380096436 37.719039917
tggqh 197.946731567 37.0156784058
tggqh 198.448547363 37.7805404663
tggqh 203.710388184 39.6336250305
tggqh 205.973556519 36.5778923035
tggqh 193.079605103 37.6886482239
tggqh 187.84046936 39.6147193909
tggqh 191.345870972 37.2245254517
tggqh 191.240783691 32.3736610413
tggqh 199.834793091 31.5305900574
tggqh 202.439971924 37.66015625
tggqh 199.269592285 39.0818023682
tggqh 198.61416626 37.4338493347
tggqh 204.027801514 41.6515159607
tggqh 211.106658936 43.405670166
tggqh 211.971878052 42.5667190552
tggqh 211.017852783 36.2627601624
tggqh 201.27166748 27.814163208
tggqh 193.353973389 33.516494751
tggqh 191.955200195 33.6957321167
tggqh 195.827163696 32.3170623779
tggqh 212.598831177 35.9120330811
tggqh 216.6849823 37.8383026123
tggqh 200.725357056 34.5552101135
tggqh 191.385192871 30.9570922852
tggqh 193.315948486 31.7410831451
tggqh 194.087615967 29.6967716217
tggqh 204.634552002 39.2063751221
tggqh 210.857971191 41.5101280212
tggqh 207.259811401 34.6510047913
tggqh 207.842254639 36.650188446
tggqh 197.6300354 35.2190856934
tggqh 192.908508301 32.8406562805
tggqh 199.492218018 36.3444290161
tggqh 206.100769043 39.6310119629
tggqh 206.628631592 37.7018241882
tggqh 200.274261475 34.8945388794
tggqh 197.771453857 33.3495025635
tggqh 202.348922729 35.5761795044
tggqh 203.152877808 34.4177703857
tggqh 197.230072021 32.1169776917
tggqh 196.816238403 34.7136116028
tggqh 203.620819092 38.2382316589
tggqh 202.984695435 43.6714096069
tggqh 206.837127686 42.327999115
tggqh 207.517791748 35.1555328369
tggqh 204.013656616 37.9400177002
tggqh 202.600021362 42.806312561
tggqh 199.946578979 40.1530761719
tjsjr 193.765625 23.3037872314
tjsjr 206.545730591 27.7253723145
tjsjr 201.349441528 27.8089008331
tjsjr 192.53604126 25.3075962067
tjsjr 196.064407349 22.4599838257
tjsjr 196.229980469 21.709564209
tjsjr 193.5599823 21.755317688
tjsjr 190.8724823 26.5596466064
tjsjr 191.610397339 26.7660903931
tjsjr 193.344818115 22.4912605286
tjsjr 186.187545776 24.4824829102
tjsjr 186.426498413 26.8595371246
tjsjr 197.171340942 26.5344352722
tjsjr 203.070571899 26.9393177032
tjsjr 202.798309326 30.5001907349
tjsjr 207.3409729 27.5912151337
tjsjr 200.671554565 19.3272342682
tjsjr 191.433166504 21.3357696533
tjsjr 188.506835938 25.8038215637
tjsjr 191.425262451 22.461019516
tjsjr 201.097808838 23.9234809875
tjsjr 195.078186035 24.2208423615
tjsjr 202.572509766 24.3161888123
tjsjr 214.268585205 27.6731071472
tjsjr 203.918655396 24.9789142609
tjsjr 197.948486328 28.0866165161
tjsjr 206.292190552 32.295539856
tjsjr 209.145614624 32.6705703735
tjsjr 194.405899048 29.711933136
tjsjr 191.573059082 27.2671260834
tjsjr 208.332458496 30.4795742035
tjsjr 210.040939331 29.0392532349
